<?xml version="1.0" encoding="UTF-8"?>
<!-- Generated by org.testng.reporters.JUnitReportReporter -->
<testsuite hostname="ngants-MacBook-Pro.local" name="Example.NewTest" tests="1" failures="0" timestamp="20 Jun 2018 03:01:22 GMT" time="3.819" errors="0">
  <testcase name="testEasy" time="3.819" classname="Example.NewTest"/>
</testsuite> <!-- Example.NewTest -->
