<?xml version="1.0" encoding="UTF-8"?>
<!-- Generated by org.testng.reporters.JUnitReportReporter -->
<testsuite hostname="ngants-MacBook-Pro.local" name="NewTest" tests="1" failures="1" timestamp="18 Jun 2018 02:06:27 GMT" time="0.003" errors="0">
  <testcase name="testEasy" time="0.003" classname="NewTest">
    <failure type="org.openqa.selenium.WebDriverException" message="Failed to connect to binary FirefoxBinary(/Applications/Firefox.app/Contents/MacOS/firefox-bin) on port 7055; process output follows: 
.app/Contents/Resources/browser/features/firefox@getpocket.com.xpi
1529287478629	addons.xpi	INFO	Mapping followonsearch@mozilla.com to /Applications/Firefox.app/Contents/Resources/browser/features/followonsearch@mozilla.com.xpi
1529287478629	addons.xpi	INFO	Mapping formautofill@mozilla.org to /Applications/Firefox.app/Contents/Resources/browser/features/formautofill@mozilla.org.xpi
1529287478629	addons.xpi	INFO	Mapping onboarding@mozilla.org to /Applications/Firefox.app/Contents/Resources/browser/features/onboarding@mozilla.org.xpi
1529287478629	addons.xpi	INFO	Mapping screenshots@mozilla.org to /Applications/Firefox.app/Contents/Resources/browser/features/screenshots@mozilla.org.xpi
1529287478629	addons.xpi	INFO	Mapping webcompat@mozilla.org to /Applications/Firefox.app/Contents/Resources/browser/features/webcompat@mozilla.org.xpi
1529287478630	addons.xpi	DEBUG	Existing add-on activity-stream@mozilla.org in app-system-defaults
1529287478630	addons.xpi	DEBUG	Existing add-on aushelper@mozilla.org in app-system-defaults
1529287478630	addons.xpi	DEBUG	Existing add-on firefox@getpocket.com in app-system-defaults
1529287478630	addons.xpi	DEBUG	Existing add-on followonsearch@mozilla.com in app-system-defaults
1529287478630	addons.xpi	DEBUG	Existing add-on formautofill@mozilla.org in app-system-defaults
1529287478630	addons.xpi	DEBUG	Existing add-on onboarding@mozilla.org in app-system-defaults
1529287478630	addons.xpi	DEBUG	Existing add-on screenshots@mozilla.org in app-system-defaults
1529287478630	addons.xpi	DEBUG	Existing add-on webcompat@mozilla.org in app-system-defaults
1529287478631	addons.xpi	INFO	Mapping {972ce4c6-7e08-4474-a285-3208198ce6fd} to /Applications/Firefox.app/Contents/Resources/browser/extensions/{972ce4c6-7e08-4474-a285-3208198ce6fd}.xpi
1529287478631	addons.xpi	DEBUG	Existing add-on {972ce4c6-7e08-4474-a285-3208198ce6fd} in app-global
1529287478631	addons.xpi	DEBUG	getInstallState changed: false, state: {}
1529287478682	addons.xpi-utils	DEBUG	Async JSON file read took 0 MS
1529287478683	addons.xpi-utils	DEBUG	Finished async read of XPI database, parsing...
1529287478685	addons.xpi-utils	DEBUG	Successfully read XPI database
*** Blocklist::_preloadBlocklistFile: blocklist is disabled
2018-06-18 09:04:39.290 plugin-container[1406:194885] *** CFMessagePort: bootstrap_register(): failed 1100 (0x44c) &#039;Permission denied&#039;, port = 0x8433, name = &#039;com.apple.tsm.portname&#039;
See /usr/include/servers/bootstrap_defs.h for the error codes.
1529287517999	addons.xpi	DEBUG	Calling bootstrap method shutdown on webcompat@mozilla.org version 1.1
1529287518000	addons.xpi	DEBUG	Calling bootstrap method shutdown on screenshots@mozilla.org version 30.1.0
1529287518008	addons.xpi	DEBUG	Calling bootstrap method shutdown on onboarding@mozilla.org version 1.0
1529287518010	addons.xpi	DEBUG	Calling bootstrap method shutdown on formautofill@mozilla.org version 1.0
1529287518010	addons.xpi	DEBUG	Calling bootstrap method shutdown on followonsearch@mozilla.com version 0.9.6
1529287518010	addons.xpi	DEBUG	Calling bootstrap method shutdown on firefox@getpocket.com version 1.0.5
1529287518011	addons.xpi	DEBUG	Calling bootstrap method shutdown on aushelper@mozilla.org version 2.0
1529287518011	addons.xpi	DEBUG	Calling bootstrap method shutdown on activity-stream@mozilla.org version 2018.04.20.1103-b3b95672
1529287518096	addons.manager	DEBUG	shutdown
1529287518097	addons.manager	DEBUG	Calling shutdown blocker for XPIProvider
1529287518097	addons.xpi	DEBUG	shutdown
1529287518097	addons.xpi-utils	DEBUG	shutdown
1529287518097	addons.manager	DEBUG	Calling shutdown blocker for LightweightThemeManager
1529287518097	addons.manager	DEBUG	Calling shutdown blocker for GMPProvider
1529287518097	addons.manager	DEBUG	Calling shutdown blocker for PluginProvider
1529287518097	addons.manager	DEBUG	Calling shutdown blocker for PreviousExperimentProvider
1529287518100	addons.manager	DEBUG	Async provider shutdown done
*** UTM:SVC TimerManager:registerTimer called after profile-before-change notification. Ignoring timer registration for id: telemetry_modules_ping

Build info: version: &#039;2.45.0&#039;, revision: &#039;5017cb8e7ca8e37638dc3091b2440b90a1d8686f&#039;, time: &#039;2015-02-27 09:10:26&#039;
System info: host: &#039;ngants-MacBook-Pro.local&#039;, ip: &#039;10.5.10.138&#039;, os.name: &#039;Mac OS X&#039;, os.arch: &#039;x86_64&#039;, os.version: &#039;10.13.1&#039;, java.version: &#039;1.8.0_171&#039;
Driver info: driver.version: FirefoxDriver">
      <![CDATA[org.openqa.selenium.WebDriverException: Failed to connect to binary FirefoxBinary(/Applications/Firefox.app/Contents/MacOS/firefox-bin) on port 7055; process output follows: 
.app/Contents/Resources/browser/features/firefox@getpocket.com.xpi
1529287478629	addons.xpi	INFO	Mapping followonsearch@mozilla.com to /Applications/Firefox.app/Contents/Resources/browser/features/followonsearch@mozilla.com.xpi
1529287478629	addons.xpi	INFO	Mapping formautofill@mozilla.org to /Applications/Firefox.app/Contents/Resources/browser/features/formautofill@mozilla.org.xpi
1529287478629	addons.xpi	INFO	Mapping onboarding@mozilla.org to /Applications/Firefox.app/Contents/Resources/browser/features/onboarding@mozilla.org.xpi
1529287478629	addons.xpi	INFO	Mapping screenshots@mozilla.org to /Applications/Firefox.app/Contents/Resources/browser/features/screenshots@mozilla.org.xpi
1529287478629	addons.xpi	INFO	Mapping webcompat@mozilla.org to /Applications/Firefox.app/Contents/Resources/browser/features/webcompat@mozilla.org.xpi
1529287478630	addons.xpi	DEBUG	Existing add-on activity-stream@mozilla.org in app-system-defaults
1529287478630	addons.xpi	DEBUG	Existing add-on aushelper@mozilla.org in app-system-defaults
1529287478630	addons.xpi	DEBUG	Existing add-on firefox@getpocket.com in app-system-defaults
1529287478630	addons.xpi	DEBUG	Existing add-on followonsearch@mozilla.com in app-system-defaults
1529287478630	addons.xpi	DEBUG	Existing add-on formautofill@mozilla.org in app-system-defaults
1529287478630	addons.xpi	DEBUG	Existing add-on onboarding@mozilla.org in app-system-defaults
1529287478630	addons.xpi	DEBUG	Existing add-on screenshots@mozilla.org in app-system-defaults
1529287478630	addons.xpi	DEBUG	Existing add-on webcompat@mozilla.org in app-system-defaults
1529287478631	addons.xpi	INFO	Mapping {972ce4c6-7e08-4474-a285-3208198ce6fd} to /Applications/Firefox.app/Contents/Resources/browser/extensions/{972ce4c6-7e08-4474-a285-3208198ce6fd}.xpi
1529287478631	addons.xpi	DEBUG	Existing add-on {972ce4c6-7e08-4474-a285-3208198ce6fd} in app-global
1529287478631	addons.xpi	DEBUG	getInstallState changed: false, state: {}
1529287478682	addons.xpi-utils	DEBUG	Async JSON file read took 0 MS
1529287478683	addons.xpi-utils	DEBUG	Finished async read of XPI database, parsing...
1529287478685	addons.xpi-utils	DEBUG	Successfully read XPI database
*** Blocklist::_preloadBlocklistFile: blocklist is disabled
2018-06-18 09:04:39.290 plugin-container[1406:194885] *** CFMessagePort: bootstrap_register(): failed 1100 (0x44c) 'Permission denied', port = 0x8433, name = 'com.apple.tsm.portname'
See /usr/include/servers/bootstrap_defs.h for the error codes.
1529287517999	addons.xpi	DEBUG	Calling bootstrap method shutdown on webcompat@mozilla.org version 1.1
1529287518000	addons.xpi	DEBUG	Calling bootstrap method shutdown on screenshots@mozilla.org version 30.1.0
1529287518008	addons.xpi	DEBUG	Calling bootstrap method shutdown on onboarding@mozilla.org version 1.0
1529287518010	addons.xpi	DEBUG	Calling bootstrap method shutdown on formautofill@mozilla.org version 1.0
1529287518010	addons.xpi	DEBUG	Calling bootstrap method shutdown on followonsearch@mozilla.com version 0.9.6
1529287518010	addons.xpi	DEBUG	Calling bootstrap method shutdown on firefox@getpocket.com version 1.0.5
1529287518011	addons.xpi	DEBUG	Calling bootstrap method shutdown on aushelper@mozilla.org version 2.0
1529287518011	addons.xpi	DEBUG	Calling bootstrap method shutdown on activity-stream@mozilla.org version 2018.04.20.1103-b3b95672
1529287518096	addons.manager	DEBUG	shutdown
1529287518097	addons.manager	DEBUG	Calling shutdown blocker for XPIProvider
1529287518097	addons.xpi	DEBUG	shutdown
1529287518097	addons.xpi-utils	DEBUG	shutdown
1529287518097	addons.manager	DEBUG	Calling shutdown blocker for LightweightThemeManager
1529287518097	addons.manager	DEBUG	Calling shutdown blocker for GMPProvider
1529287518097	addons.manager	DEBUG	Calling shutdown blocker for PluginProvider
1529287518097	addons.manager	DEBUG	Calling shutdown blocker for PreviousExperimentProvider
1529287518100	addons.manager	DEBUG	Async provider shutdown done
*** UTM:SVC TimerManager:registerTimer called after profile-before-change notification. Ignoring timer registration for id: telemetry_modules_ping

Build info: version: '2.45.0', revision: '5017cb8e7ca8e37638dc3091b2440b90a1d8686f', time: '2015-02-27 09:10:26'
System info: host: 'ngants-MacBook-Pro.local', ip: '10.5.10.138', os.name: 'Mac OS X', os.arch: 'x86_64', os.version: '10.13.1', java.version: '1.8.0_171'
Driver info: driver.version: FirefoxDriver
	at org.openqa.selenium.firefox.internal.NewProfileExtensionConnection.start(NewProfileExtensionConnection.java:130)
	at org.openqa.selenium.firefox.FirefoxDriver.startClient(FirefoxDriver.java:246)
	at org.openqa.selenium.remote.RemoteWebDriver.<init>(RemoteWebDriver.java:114)
	at org.openqa.selenium.firefox.FirefoxDriver.<init>(FirefoxDriver.java:191)
	at org.openqa.selenium.firefox.FirefoxDriver.<init>(FirefoxDriver.java:186)
	at org.openqa.selenium.firefox.FirefoxDriver.<init>(FirefoxDriver.java:182)
	at org.openqa.selenium.firefox.FirefoxDriver.<init>(FirefoxDriver.java:95)
	at NewTest.beforeTest(NewTest.java:18)
	at sun.reflect.NativeMethodAccessorImpl.invoke0(Native Method)
	at sun.reflect.NativeMethodAccessorImpl.invoke(NativeMethodAccessorImpl.java:62)
	at sun.reflect.DelegatingMethodAccessorImpl.invoke(DelegatingMethodAccessorImpl.java:43)
	at java.lang.reflect.Method.invoke(Method.java:498)
	at org.testng.internal.MethodInvocationHelper.invokeMethod(MethodInvocationHelper.java:80)
	at org.testng.internal.Invoker.invokeConfigurationMethod(Invoker.java:564)
	at org.testng.internal.Invoker.invokeConfigurations(Invoker.java:213)
	at org.testng.internal.Invoker.invokeConfigurations(Invoker.java:138)
	at org.testng.TestRunner.beforeRun(TestRunner.java:641)
	at org.testng.TestRunner.run(TestRunner.java:609)
	at org.testng.SuiteRunner.runTest(SuiteRunner.java:334)
	at org.testng.SuiteRunner.runSequentially(SuiteRunner.java:329)
	at org.testng.SuiteRunner.privateRun(SuiteRunner.java:291)
	at org.testng.SuiteRunner.run(SuiteRunner.java:240)
	at org.testng.SuiteRunnerWorker.runSuite(SuiteRunnerWorker.java:52)
	at org.testng.SuiteRunnerWorker.run(SuiteRunnerWorker.java:86)
	at org.testng.TestNG.runSuitesSequentially(TestNG.java:1198)
	at org.testng.TestNG.runSuitesLocally(TestNG.java:1123)
	at org.testng.TestNG.run(TestNG.java:1031)
	at org.testng.remote.AbstractRemoteTestNG.run(AbstractRemoteTestNG.java:114)
	at org.testng.remote.RemoteTestNG.initAndRun(RemoteTestNG.java:251)
	at org.testng.remote.RemoteTestNG.main(RemoteTestNG.java:77)
Caused by: org.openqa.selenium.firefox.NotConnectedException: Unable to connect to host 127.0.0.1 on port 7055 after 45000 ms. Firefox console output:
.app/Contents/Resources/browser/features/firefox@getpocket.com.xpi
1529287478629	addons.xpi	INFO	Mapping followonsearch@mozilla.com to /Applications/Firefox.app/Contents/Resources/browser/features/followonsearch@mozilla.com.xpi
1529287478629	addons.xpi	INFO	Mapping formautofill@mozilla.org to /Applications/Firefox.app/Contents/Resources/browser/features/formautofill@mozilla.org.xpi
1529287478629	addons.xpi	INFO	Mapping onboarding@mozilla.org to /Applications/Firefox.app/Contents/Resources/browser/features/onboarding@mozilla.org.xpi
1529287478629	addons.xpi	INFO	Mapping screenshots@mozilla.org to /Applications/Firefox.app/Contents/Resources/browser/features/screenshots@mozilla.org.xpi
1529287478629	addons.xpi	INFO	Mapping webcompat@mozilla.org to /Applications/Firefox.app/Contents/Resources/browser/features/webcompat@mozilla.org.xpi
1529287478630	addons.xpi	DEBUG	Existing add-on activity-stream@mozilla.org in app-system-defaults
1529287478630	addons.xpi	DEBUG	Existing add-on aushelper@mozilla.org in app-system-defaults
1529287478630	addons.xpi	DEBUG	Existing add-on firefox@getpocket.com in app-system-defaults
1529287478630	addons.xpi	DEBUG	Existing add-on followonsearch@mozilla.com in app-system-defaults
1529287478630	addons.xpi	DEBUG	Existing add-on formautofill@mozilla.org in app-system-defaults
1529287478630	addons.xpi	DEBUG	Existing add-on onboarding@mozilla.org in app-system-defaults
1529287478630	addons.xpi	DEBUG	Existing add-on screenshots@mozilla.org in app-system-defaults
1529287478630	addons.xpi	DEBUG	Existing add-on webcompat@mozilla.org in app-system-defaults
1529287478631	addons.xpi	INFO	Mapping {972ce4c6-7e08-4474-a285-3208198ce6fd} to /Applications/Firefox.app/Contents/Resources/browser/extensions/{972ce4c6-7e08-4474-a285-3208198ce6fd}.xpi
1529287478631	addons.xpi	DEBUG	Existing add-on {972ce4c6-7e08-4474-a285-3208198ce6fd} in app-global
1529287478631	addons.xpi	DEBUG	getInstallState changed: false, state: {}
1529287478682	addons.xpi-utils	DEBUG	Async JSON file read took 0 MS
1529287478683	addons.xpi-utils	DEBUG	Finished async read of XPI database, parsing...
1529287478685	addons.xpi-utils	DEBUG	Successfully read XPI database
*** Blocklist::_preloadBlocklistFile: blocklist is disabled
2018-06-18 09:04:39.290 plugin-container[1406:194885] *** CFMessagePort: bootstrap_register(): failed 1100 (0x44c) 'Permission denied', port = 0x8433, name = 'com.apple.tsm.portname'
See /usr/include/servers/bootstrap_defs.h for the error codes.
1529287517999	addons.xpi	DEBUG	Calling bootstrap method shutdown on webcompat@mozilla.org version 1.1
1529287518000	addons.xpi	DEBUG	Calling bootstrap method shutdown on screenshots@mozilla.org version 30.1.0
1529287518008	addons.xpi	DEBUG	Calling bootstrap method shutdown on onboarding@mozilla.org version 1.0
1529287518010	addons.xpi	DEBUG	Calling bootstrap method shutdown on formautofill@mozilla.org version 1.0
1529287518010	addons.xpi	DEBUG	Calling bootstrap method shutdown on followonsearch@mozilla.com version 0.9.6
1529287518010	addons.xpi	DEBUG	Calling bootstrap method shutdown on firefox@getpocket.com version 1.0.5
1529287518011	addons.xpi	DEBUG	Calling bootstrap method shutdown on aushelper@mozilla.org version 2.0
1529287518011	addons.xpi	DEBUG	Calling bootstrap method shutdown on activity-stream@mozilla.org version 2018.04.20.1103-b3b95672
1529287518096	addons.manager	DEBUG	shutdown
1529287518097	addons.manager	DEBUG	Calling shutdown blocker for XPIProvider
1529287518097	addons.xpi	DEBUG	shutdown
1529287518097	addons.xpi-utils	DEBUG	shutdown
1529287518097	addons.manager	DEBUG	Calling shutdown blocker for LightweightThemeManager
1529287518097	addons.manager	DEBUG	Calling shutdown blocker for GMPProvider
1529287518097	addons.manager	DEBUG	Calling shutdown blocker for PluginProvider
1529287518097	addons.manager	DEBUG	Calling shutdown blocker for PreviousExperimentProvider
1529287518100	addons.manager	DEBUG	Async provider shutdown done
*** UTM:SVC TimerManager:registerTimer called after profile-before-change notification. Ignoring timer registration for id: telemetry_modules_ping

	at org.openqa.selenium.firefox.internal.NewProfileExtensionConnection.start(NewProfileExtensionConnection.java:118)
	... 29 more
]]>
    </failure>
  </testcase> <!-- testEasy -->
</testsuite> <!-- NewTest -->
